{"level":"info","message":"Server running on port 3000","service":"user-service","timestamp":"2024-10-19T00:35:05.063Z"}
{"level":"error","message":"Not Found","service":"user-service","timestamp":"2024-10-19T00:35:13.554Z"}
{"level":"error","message":"404 - Not Found - / - GET - ::1","service":"user-service","timestamp":"2024-10-19T00:35:13.555Z"}
{"level":"info","message":"Server running on port 3000","service":"user-service","timestamp":"2024-10-19T10:08:43.745Z"}
{"level":"error","message":"Not Found","service":"user-service","timestamp":"2024-10-19T10:09:24.510Z"}
{"level":"error","message":"404 - Not Found - / - GET - ::1","service":"user-service","timestamp":"2024-10-19T10:09:24.512Z"}
{"level":"error","message":"Not Found","service":"user-service","timestamp":"2024-10-19T10:11:49.042Z"}
{"level":"error","message":"404 - Not Found - / - GET - ::1","service":"user-service","timestamp":"2024-10-19T10:11:49.043Z"}
{"level":"info","message":"Server running on port 3000","service":"user-service","timestamp":"2024-10-19T10:11:58.581Z"}
{"level":"error","message":"Not Found","service":"user-service","timestamp":"2024-10-19T10:12:00.717Z"}
{"level":"error","message":"404 - Not Found - / - GET - ::1","service":"user-service","timestamp":"2024-10-19T10:12:00.720Z"}
{"level":"info","message":"Server running on port 3000","service":"user-service","timestamp":"2024-10-19T10:12:03.518Z"}
{"level":"info","message":"Server running on port 3000","service":"user-service","timestamp":"2024-10-19T10:12:51.260Z"}
{"level":"info","message":"Server running on port 3000","service":"user-service","timestamp":"2024-10-19T10:14:09.134Z"}
{"level":"error","message":"400 - Expected double-quoted property name in JSON at position 366 - /api/users/register - POST - ::1","service":"user-service","timestamp":"2024-10-19T10:16:02.441Z"}
{"level":"info","message":"Server running on port 3000","service":"user-service","timestamp":"2024-10-19T10:26:49.544Z"}
{"level":"info","message":"Server running on port 3000","service":"user-service","timestamp":"2024-10-19T10:27:36.768Z"}
{"level":"info","message":"Server running on port 3000","service":"user-service","timestamp":"2024-10-19T10:28:23.112Z"}
{"level":"info","message":"Server running on port 3000","service":"user-service","timestamp":"2024-10-19T10:29:11.374Z"}
{"level":"info","message":"Server running on port 3000","service":"user-service","timestamp":"2024-10-19T10:30:23.621Z"}
{"level":"info","message":"Server running on port 3000","service":"user-service","timestamp":"2024-10-19T10:31:00.748Z"}
{"level":"info","message":"Server running on port 3000","service":"user-service","timestamp":"2024-10-19T10:32:17.200Z"}
{"level":"info","message":"Server running on port 3000","service":"user-service","timestamp":"2024-10-19T10:33:43.699Z"}
{"level":"info","message":"Server running on port 3000","service":"user-service","timestamp":"2024-10-19T10:34:39.636Z"}
{"level":"info","message":"Server running on port 3000","service":"user-service","timestamp":"2024-10-19T10:35:33.568Z"}
{"level":"info","message":"Server running on port 3000","service":"user-service","timestamp":"2024-10-19T10:39:47.460Z"}
{"level":"info","message":"Server running on port 3000","service":"user-service","timestamp":"2024-10-19T10:40:38.053Z"}
{"level":"info","message":"Server running on port 3000","service":"user-service","timestamp":"2024-10-19T10:40:46.662Z"}
{"level":"info","message":"Server running on port 3000","service":"user-service","timestamp":"2024-10-24T16:50:46.379Z"}
{"level":"info","message":"Server running on port 3000","service":"user-service","timestamp":"2024-10-24T17:03:21.782Z"}
{"level":"info","message":"Server running on port 3000","service":"user-service","timestamp":"2024-10-24T17:04:25.742Z"}
{"level":"error","message":"Not Found","service":"user-service","timestamp":"2024-10-24T17:23:56.764Z"}
{"level":"error","message":"404 - Not Found - /api/users - GET - ::ffff:127.0.0.1","service":"user-service","timestamp":"2024-10-24T17:23:56.766Z"}
{"level":"info","message":"Server running on port 3000","service":"user-service","timestamp":"2024-10-24T17:31:23.030Z"}
{"level":"error","message":"500 - user.remove is not a function - /api/users/671a849bbaf960ec84e50763 - DELETE - ::1","service":"user-service","timestamp":"2024-10-24T17:33:23.952Z"}
{"level":"error","message":"500 - user.remove is not a function - /api/users/671a849bbaf960ec84e50763 - DELETE - ::1","service":"user-service","timestamp":"2024-10-24T17:33:30.101Z"}
{"level":"info","message":"Server running on port 3000","service":"user-service","timestamp":"2024-10-24T17:34:21.687Z"}
{"level":"info","message":"Server running on port 3000","service":"user-service","timestamp":"2024-10-24T17:34:27.801Z"}
